
> midterm_prep@0.0.0 start /opt/bitnami/apache2/htdocs/cs201r/midterm_prep
> node ./bin/www

[0mGET /index.html [36m304 [0m10.334 ms - -[0m
[0mGET /javascripts/app.js [36m304 [0m2.021 ms - -[0m
[0mGET /desserts [36m304 [0m16.148 ms - -[0m
[0mGET /index.html [36m304 [0m0.676 ms - -[0m
[0mGET /javascripts/app.js [36m304 [0m0.962 ms - -[0m
[0mGET /desserts [36m304 [0m3.314 ms - -[0m

> midterm_prep@0.0.0 start /opt/bitnami/apache2/htdocs/cs201r/midterm_prep
> node ./bin/www

[0mGET /index.html [32m200 [0m12.288 ms - 1027[0m
[0mGET /javascripts/app.js [36m304 [0m2.795 ms - -[0m
[0mGET /desserts [36m304 [0m17.182 ms - -[0m
[0mGET /index.html [36m304 [0m0.984 ms - -[0m
[0mGET /javascripts/app.js [36m304 [0m0.482 ms - -[0m
[0mGET /desserts [36m304 [0m3.488 ms - -[0m
[0mGET /index.html [36m304 [0m0.634 ms - -[0m
[0mGET /javascripts/app.js [36m304 [0m0.527 ms - -[0m
[0mGET /desserts [36m304 [0m1.450 ms - -[0m
[0mGET /index.html [36m304 [0m0.517 ms - -[0m
[0mGET /javascripts/app.js [36m304 [0m0.846 ms - -[0m
[0mGET /desserts [36m304 [0m1.577 ms - -[0m
[0mGET /index.html [36m304 [0m0.659 ms - -[0m
[0mGET /javascripts/app.js [36m304 [0m1.546 ms - -[0m
[0mGET /desserts [36m304 [0m1.888 ms - -[0m
[0mGET /index.html [36m304 [0m0.668 ms - -[0m
[0mGET /javascripts/app.js [36m304 [0m0.503 ms - -[0m
[0mGET /desserts [36m304 [0m1.874 ms - -[0m
[0mGET /index.html [36m304 [0m0.495 ms - -[0m
[0mGET /javascripts/app.js [36m304 [0m1.122 ms - -[0m
[0mGET /desserts [36m304 [0m1.835 ms - -[0m
[0mGET /index.html [36m304 [0m0.613 ms - -[0m
[0mGET /javascripts/app.js [36m304 [0m0.348 ms - -[0m
[0mGET /desserts [36m304 [0m2.688 ms - -[0m
[0mGET /index.html [36m304 [0m1.300 ms - -[0m
[0mGET /javascripts/app.js [36m304 [0m0.711 ms - -[0m
[0mGET /desserts [36m304 [0m1.588 ms - -[0m
[0mGET /index.html [36m304 [0m0.812 ms - -[0m
[0mGET /javascripts/app.js [36m304 [0m1.102 ms - -[0m
[0mGET /desserts [36m304 [0m1.816 ms - -[0m
[0mGET /index.html [36m304 [0m0.443 ms - -[0m
[0mGET /javascripts/app.js [36m304 [0m0.372 ms - -[0m
[0mGET /desserts [36m304 [0m1.709 ms - -[0m
[0mGET /index.html [36m304 [0m0.779 ms - -[0m
[0mGET /javascripts/app.js [36m304 [0m0.355 ms - -[0m
[0mGET /desserts [36m304 [0m1.810 ms - -[0m
[0mGET /index.html [36m304 [0m0.432 ms - -[0m
[0mGET /javascripts/app.js [36m304 [0m0.384 ms - -[0m
[0mGET /desserts [36m304 [0m1.821 ms - -[0m
Terminated

npm ERR! Linux 3.13.0-65-generic
npm ERR! argv "/opt/bitnami/nodejs/bin/.node.bin" "/opt/bitnami/nodejs/bin/npm" "start"
npm ERR! node v4.1.1
npm ERR! npm  v2.14.4
npm ERR! code ELIFECYCLE
npm ERR! midterm_prep@0.0.0 start: `node ./bin/www`
npm ERR! Exit status 143
npm ERR! 
npm ERR! Failed at the midterm_prep@0.0.0 start script 'node ./bin/www'.
npm ERR! This is most likely a problem with the midterm_prep package,
npm ERR! not with npm itself.
npm ERR! Tell the author that this fails on your system:
npm ERR!     node ./bin/www
npm ERR! You can get their info via:
npm ERR!     npm owner ls midterm_prep
npm ERR! There is likely additional logging output above.

npm ERR! Please include the following file with any support request:
npm ERR!     /opt/bitnami/apache2/htdocs/cs201r/midterm_prep/npm-debug.log
